<?xml version="1.0" encoding="UTF-8"?>
<!-- Generated by org.testng.reporters.JUnitXMLReporter -->
<testsuite hostname="LAPTOP-N0G0NBDP" ignored="0" name="Default test" tests="2" failures="0" timestamp="15 Jan 2021 01:57:47 GMT" time="37.011" errors="0">
  <testcase name="TestNewAccountCreate" time="1.196" classname="com.qa.Tests.WikiCreateAccountPageTest"/>
  <testcase name="testloginLinkClick" time="1.192" classname="com.qa.Tests.WikiCreateAccountPageTest"/>
</testsuite> <!-- Default test -->
