<?xml version="1.0" encoding="UTF-8"?>
<testng-results skipped="0" failed="0" ignored="0" total="2" passed="2">
  <reporter-output>
  </reporter-output>
  <suite name="Default suite" duration-ms="37011" started-at="2021-01-15T01:57:10Z" finished-at="2021-01-15T01:57:47Z">
    <groups>
    </groups>
    <test name="Default test" duration-ms="37011" started-at="2021-01-15T01:57:10Z" finished-at="2021-01-15T01:57:47Z">
      <class name="com.qa.Tests.WikiCreateAccountPageTest">
        <test-method status="PASS" signature="setup()[pri:0, instance:com.qa.Tests.WikiCreateAccountPageTest@1832929]" name="setup" is-config="true" duration-ms="18590" started-at="2021-01-15T01:57:10Z" finished-at="2021-01-15T01:57:29Z">
          <reporter-output>
          </reporter-output>
        </test-method> <!-- setup -->
        <test-method status="PASS" signature="TestNewAccountCreate()[pri:49, instance:com.qa.Tests.WikiCreateAccountPageTest@1832929]" name="TestNewAccountCreate" duration-ms="1196" started-at="2021-01-15T01:57:29Z" finished-at="2021-01-15T01:57:30Z">
          <reporter-output>
          </reporter-output>
        </test-method> <!-- TestNewAccountCreate -->
        <test-method status="PASS" signature="setup()[pri:0, instance:com.qa.Tests.WikiCreateAccountPageTest@1832929]" name="setup" is-config="true" duration-ms="15937" started-at="2021-01-15T01:57:30Z" finished-at="2021-01-15T01:57:46Z">
          <reporter-output>
          </reporter-output>
        </test-method> <!-- setup -->
        <test-method status="PASS" signature="testloginLinkClick()[pri:50, instance:com.qa.Tests.WikiCreateAccountPageTest@1832929]" name="testloginLinkClick" duration-ms="1192" started-at="2021-01-15T01:57:46Z" finished-at="2021-01-15T01:57:47Z">
          <reporter-output>
          </reporter-output>
        </test-method> <!-- testloginLinkClick -->
      </class> <!-- com.qa.Tests.WikiCreateAccountPageTest -->
    </test> <!-- Default test -->
  </suite> <!-- Default suite -->
</testng-results>
